<?xml version="1.0" encoding="UTF-8"?>
<!-- Generated by org.testng.reporters.JUnitReportReporter -->
<testsuite hostname="DESKTOP-5R3J6MP" name="paratice.ParaticeJenkins.VesitBaidu" tests="1" failures="0" timestamp="28 Jun 2018 09:25:21 GMT" time="0.677" errors="0">
  <testcase name="baidu" time="0.677" classname="paratice.ParaticeJenkins.VesitBaidu"/>
</testsuite> <!-- paratice.ParaticeJenkins.VesitBaidu -->
